<?xml version="1.0" encoding="UTF-8"?>
<!-- Generated by org.testng.reporters.JUnitXMLReporter -->
<testsuite ignored="1" hostname="DESKTOP-6LJCPTQ" failures="2" tests="5" name="IndexPageTest" time="11.523" errors="0" timestamp="2022-11-06T21:13:13 EST">
  <testcase classname="testCases.indexPageTest" name="verifyLogo" time="0.12"/>
  <testcase classname="testCases.indexPageTest" name="verifyTitle" time="0.01"/>
  <testcase classname="testCases.indexPageTest" name="clickOnSignInTest" time="6.453"/>
  <testcase classname="testCases.indexPageTest" name="verifyTitleNegative" time="0.007">
    <failure type="java.lang.AssertionError" message="expected [My Store] but found [Wrong Title]">
      <![CDATA[java.lang.AssertionError: expected [My Store] but found [Wrong Title]
at testCases.indexPageTest.verifyTitleNegative(indexPageTest.java:71)
at java.base/java.util.ArrayList.forEach(ArrayList.java:1511)
at java.base/java.util.concurrent.FutureTask.run(FutureTask.java:264)
at java.base/java.util.concurrent.ThreadPoolExecutor.runWorker(ThreadPoolExecutor.java:1130)
at java.base/java.util.concurrent.ThreadPoolExecutor$Worker.run(ThreadPoolExecutor.java:630)
at java.base/java.lang.Thread.run(Thread.java:831)
... Removed 23 stack frames]]>
    </failure>
  </testcase> <!-- verifyTitleNegative -->
  <testcase classname="testCases.indexPageTest" name="verifyLogoNegative" time="0.002">
    <failure type="java.lang.AssertionError" message="expected [true] but found [false]">
      <![CDATA[java.lang.AssertionError: expected [true] but found [false]
at testCases.indexPageTest.verifyLogoNegative(indexPageTest.java:81)
at java.base/java.util.ArrayList.forEach(ArrayList.java:1511)
at java.base/java.util.concurrent.FutureTask.run(FutureTask.java:264)
at java.base/java.util.concurrent.ThreadPoolExecutor.runWorker(ThreadPoolExecutor.java:1130)
at java.base/java.util.concurrent.ThreadPoolExecutor$Worker.run(ThreadPoolExecutor.java:630)
at java.base/java.lang.Thread.run(Thread.java:831)
... Removed 21 stack frames]]>
    </failure>
  </testcase> <!-- verifyLogoNegative -->
  <testcase classname="testCases.indexPageTest" name="searchProductTest" time="0.0">
    <ignored/>
  </testcase> <!-- searchProductTest -->
</testsuite> <!-- IndexPageTest -->
